[2025-05-30 16:43:02] ERROR: Error generating token: generateNormalToken is not a function
[2025-05-30 19:35:00] ERROR: Error saving user: User validation failed: role: `user
` is not a valid enum value for path `role`.
[2025-05-30 19:35:11] ERROR: Error saving user: User validation failed: role: `user
` is not a valid enum value for path `role`.
[2025-05-30 19:35:23] ERROR: Error saving user: User validation failed: role: `user
` is not a valid enum value for path `role`.
[2025-05-30 19:35:25] ERROR: Error saving user: User validation failed: role: `user
` is not a valid enum value for path `role`.
[2025-05-30 19:42:18] ERROR: Error saving user: User validation failed: role: `user
` is not a valid enum value for path `role`.
[2025-05-30 19:42:46] ERROR: Error saving user: User validation failed: role: `user
` is not a valid enum value for path `role`.
[2025-05-30 19:42:53] ERROR: Error saving user: User validation failed: role: `user
` is not a valid enum value for path `role`.
[2025-05-30 20:14:29] ERROR: Error saving user: User validation failed: role: `users` is not a valid enum value for path `role`.
[2025-05-30 20:14:33] ERROR: Error saving user: User validation failed: role: `users` is not a valid enum value for path `role`.
[2025-05-30 20:57:39] ERROR: Invalid password for user:
[2025-05-30 21:00:27] ERROR: Error creating product: products validation failed: createdBy: Path `createdBy` is required.
[2025-05-30 21:02:04] ERROR: Error creating product: products validation failed: createdBy: Path `createdBy` is required.
[2025-05-30 21:02:09] ERROR: Error creating product: products validation failed: createdBy: Path `createdBy` is required.
[2025-05-30 21:02:31] ERROR: Error creating product: products validation failed: createdBy: Path `createdBy` is required.
[2025-05-30 21:05:25] ERROR: Error creating product: products validation failed: createdBy: Path `createdBy` is required.
[2025-05-30 21:06:23] ERROR: Error creating product: products validation failed: createdBy: Path `createdBy` is required.
[2025-05-30 21:09:29] ERROR: Error creating product: products validation failed: createdBy: Path `createdBy` is required.
[2025-05-30 21:09:32] ERROR: Error creating product: products validation failed: createdBy: Path `createdBy` is required.
[2025-05-30 21:11:24] ERROR: Error creating product: products validation failed: createdBy: Path `createdBy` is required.
[2025-05-30 21:12:14] ERROR: Database connection error: connect ECONNREFUSED 127.0.0.1:27017
[2025-05-30 21:12:50] ERROR: Database connection error: connect ECONNREFUSED 127.0.0.1:27017
[2025-05-30 21:19:37] ERROR: Error creating product: products validation failed: createdBy: Path `createdBy` is required.
[2025-05-30 21:22:08] ERROR: Error creating product: products validation failed: createdBy: Path `createdBy` is required.
[2025-05-30 21:33:56] ERROR: Failed to start server: TypeError: seedProducts is not a function
[2025-05-30 22:26:39] ERROR: Error in initializePayment: getOrderModel is not a function
[2025-05-30 22:29:13] ERROR: Error initializing payment: Cannot read properties of undefined (reading 'toString')
[2025-05-30 22:38:39] ERROR: Error validating order items: this.productDAO.findById is not a function
[2025-05-30 22:39:35] ERROR: Error validating order items: this.productDAO.findById is not a function
[2025-05-30 22:43:42] ERROR: Error initializing payment: Cannot read properties of undefined (reading 'toString')
